Flow report for montre
Thu Oct 19 04:37:04 2023
Quartus II 64-Bit Version 13.0.1 Build 232 06/12/2013 Service Pack 1 SJ Web Edition


---------------------
; Table of Contents ;
---------------------
  1. Legal Notice
  2. Flow Summary
  3. Flow Settings
  4. Flow Non-Default Global Settings
  5. Flow Elapsed Time
  6. Flow OS Summary
  7. Flow Log
  8. Flow Messages
  9. Flow Suppressed Messages



----------------
; Legal Notice ;
----------------
Copyright (C) 1991-2013 Altera Corporation
Your use of Altera Corporation's design tools, logic functions 
and other software and tools, and its AMPP partner logic 
functions, and any output files from any of the foregoing 
(including device programming or simulation files), and any 
associated documentation or information are expressly subject 
to the terms and conditions of the Altera Program License 
Subscription Agreement, Altera MegaCore Function License 
Agreement, or other applicable license agreement, including, 
without limitation, that your use is for the sole purpose of 
programming logic devices manufactured by Altera and sold by 
Altera or its authorized distributors.  Please refer to the 
applicable agreement for further details.



+--------------------------------------------------------------------------------------+
; Flow Summary                                                                         ;
+------------------------------------+-------------------------------------------------+
; Flow Status                        ; Successful - Thu Oct 19 04:37:00 2023           ;
; Quartus II 64-Bit Version          ; 13.0.1 Build 232 06/12/2013 SP 1 SJ Web Edition ;
; Revision Name                      ; montre                                          ;
; Top-level Entity Name              ; montre                                          ;
; Family                             ; Cyclone II                                      ;
; Device                             ; EP2C20F484C7                                    ;
; Timing Models                      ; Final                                           ;
; Total logic elements               ; 2,798 / 18,752 ( 15 % )                         ;
;     Total combinational functions  ; 2,521 / 18,752 ( 13 % )                         ;
;     Dedicated logic registers      ; 1,719 / 18,752 ( 9 % )                          ;
; Total registers                    ; 1787                                            ;
; Total pins                         ; 72 / 315 ( 23 % )                               ;
; Total virtual pins                 ; 0                                               ;
; Total memory bits                  ; 11,264 / 239,616 ( 5 % )                        ;
; Embedded Multiplier 9-bit elements ; 0 / 52 ( 0 % )                                  ;
; Total PLLs                         ; 1 / 4 ( 25 % )                                  ;
+------------------------------------+-------------------------------------------------+


+-----------------------------------------+
; Flow Settings                           ;
+-------------------+---------------------+
; Option            ; Setting             ;
+-------------------+---------------------+
; Start date & time ; 10/19/2023 04:36:27 ;
; Main task         ; Compilation         ;
; Revision Name     ; montre              ;
+-------------------+---------------------+


+---------------------------------------------------------------------------------------------------------------------------------------------------------------+
; Flow Non-Default Global Settings                                                                                                                              ;
+-------------------------------------+----------------------------------------------------------+---------------+---------------------------------+------------+
; Assignment Name                     ; Value                                                    ; Default Value ; Entity Name                     ; Section Id ;
+-------------------------------------+----------------------------------------------------------+---------------+---------------------------------+------------+
; COMPILER_SIGNATURE_ID               ; 238177196308914.169768658614020                          ; --            ; --                              ; --         ;
; IP_TOOL_ENV                         ; Qsys                                                     ; --            ; altera_avalon_sc_fifo           ; --         ;
; IP_TOOL_ENV                         ; Qsys                                                     ; --            ; altera_merlin_burst_adapter     ; --         ;
; IP_TOOL_ENV                         ; Qsys                                                     ; --            ; altera_merlin_master_agent      ; --         ;
; IP_TOOL_ENV                         ; Qsys                                                     ; --            ; altera_merlin_master_translator ; --         ;
; IP_TOOL_ENV                         ; Qsys                                                     ; --            ; altera_merlin_slave_agent       ; --         ;
; IP_TOOL_ENV                         ; Qsys                                                     ; --            ; altera_merlin_slave_translator  ; --         ;
; IP_TOOL_ENV                         ; Qsys                                                     ; --            ; altera_merlin_width_adapter     ; --         ;
; IP_TOOL_ENV                         ; Qsys                                                     ; --            ; altera_reset_controller         ; --         ;
; IP_TOOL_ENV                         ; Qsys                                                     ; --            ; --                              ; --         ;
; IP_TOOL_ENV                         ; Qsys                                                     ; --            ; montre_addr_router              ; --         ;
; IP_TOOL_ENV                         ; Qsys                                                     ; --            ; montre_cmd_xbar_demux           ; --         ;
; IP_TOOL_ENV                         ; Qsys                                                     ; --            ; montre_cmd_xbar_mux             ; --         ;
; IP_TOOL_ENV                         ; Qsys                                                     ; --            ; montre_id_router                ; --         ;
; IP_TOOL_ENV                         ; Qsys                                                     ; --            ; montre_id_router_001            ; --         ;
; IP_TOOL_ENV                         ; Qsys                                                     ; --            ; montre_irq_mapper               ; --         ;
; IP_TOOL_ENV                         ; Qsys                                                     ; --            ; montre_jtag_uart_0              ; --         ;
; IP_TOOL_ENV                         ; Qsys                                                     ; --            ; montre_nios2_qsys_0             ; --         ;
; IP_TOOL_ENV                         ; Qsys                                                     ; --            ; montre_rsp_xbar_demux           ; --         ;
; IP_TOOL_ENV                         ; Qsys                                                     ; --            ; montre_rsp_xbar_mux             ; --         ;
; IP_TOOL_ENV                         ; Qsys                                                     ; --            ; montre_sdram                    ; --         ;
; IP_TOOL_ENV                         ; Qsys                                                     ; --            ; montre_sysid_qsys_0             ; --         ;
; IP_TOOL_ENV                         ; Qsys                                                     ; --            ; montre_timer                    ; --         ;
; IP_TOOL_NAME                        ; altera_avalon_sc_fifo                                    ; --            ; altera_avalon_sc_fifo           ; --         ;
; IP_TOOL_NAME                        ; altera_merlin_burst_adapter                              ; --            ; altera_merlin_burst_adapter     ; --         ;
; IP_TOOL_NAME                        ; altera_merlin_master_agent                               ; --            ; altera_merlin_master_agent      ; --         ;
; IP_TOOL_NAME                        ; altera_merlin_master_translator                          ; --            ; altera_merlin_master_translator ; --         ;
; IP_TOOL_NAME                        ; altera_merlin_slave_agent                                ; --            ; altera_merlin_slave_agent       ; --         ;
; IP_TOOL_NAME                        ; altera_merlin_slave_translator                           ; --            ; altera_merlin_slave_translator  ; --         ;
; IP_TOOL_NAME                        ; altera_merlin_width_adapter                              ; --            ; altera_merlin_width_adapter     ; --         ;
; IP_TOOL_NAME                        ; altera_reset_controller                                  ; --            ; altera_reset_controller         ; --         ;
; IP_TOOL_NAME                        ; Qsys                                                     ; --            ; --                              ; --         ;
; IP_TOOL_NAME                        ; altera_merlin_router                                     ; --            ; montre_addr_router              ; --         ;
; IP_TOOL_NAME                        ; altera_merlin_demultiplexer                              ; --            ; montre_cmd_xbar_demux           ; --         ;
; IP_TOOL_NAME                        ; altera_merlin_multiplexer                                ; --            ; montre_cmd_xbar_mux             ; --         ;
; IP_TOOL_NAME                        ; altera_merlin_router                                     ; --            ; montre_id_router                ; --         ;
; IP_TOOL_NAME                        ; altera_merlin_router                                     ; --            ; montre_id_router_001            ; --         ;
; IP_TOOL_NAME                        ; altera_irq_mapper                                        ; --            ; montre_irq_mapper               ; --         ;
; IP_TOOL_NAME                        ; altera_avalon_jtag_uart                                  ; --            ; montre_jtag_uart_0              ; --         ;
; IP_TOOL_NAME                        ; altera_nios2_qsys                                        ; --            ; montre_nios2_qsys_0             ; --         ;
; IP_TOOL_NAME                        ; altera_merlin_demultiplexer                              ; --            ; montre_rsp_xbar_demux           ; --         ;
; IP_TOOL_NAME                        ; altera_merlin_multiplexer                                ; --            ; montre_rsp_xbar_mux             ; --         ;
; IP_TOOL_NAME                        ; altera_avalon_new_sdram_controller                       ; --            ; montre_sdram                    ; --         ;
; IP_TOOL_NAME                        ; altera_avalon_sysid_qsys                                 ; --            ; montre_sysid_qsys_0             ; --         ;
; IP_TOOL_NAME                        ; altera_avalon_timer                                      ; --            ; montre_timer                    ; --         ;
; IP_TOOL_VERSION                     ; 13.0                                                     ; --            ; altera_avalon_sc_fifo           ; --         ;
; IP_TOOL_VERSION                     ; 13.0                                                     ; --            ; altera_merlin_burst_adapter     ; --         ;
; IP_TOOL_VERSION                     ; 13.0                                                     ; --            ; altera_merlin_master_agent      ; --         ;
; IP_TOOL_VERSION                     ; 13.0                                                     ; --            ; altera_merlin_master_translator ; --         ;
; IP_TOOL_VERSION                     ; 13.0                                                     ; --            ; altera_merlin_slave_agent       ; --         ;
; IP_TOOL_VERSION                     ; 13.0                                                     ; --            ; altera_merlin_slave_translator  ; --         ;
; IP_TOOL_VERSION                     ; 13.0                                                     ; --            ; altera_merlin_width_adapter     ; --         ;
; IP_TOOL_VERSION                     ; 13.0                                                     ; --            ; altera_reset_controller         ; --         ;
; IP_TOOL_VERSION                     ; 13.0sp1                                                  ; --            ; --                              ; --         ;
; IP_TOOL_VERSION                     ; 13.0                                                     ; --            ; montre_addr_router              ; --         ;
; IP_TOOL_VERSION                     ; 13.0                                                     ; --            ; montre_cmd_xbar_demux           ; --         ;
; IP_TOOL_VERSION                     ; 13.0                                                     ; --            ; montre_cmd_xbar_mux             ; --         ;
; IP_TOOL_VERSION                     ; 13.0                                                     ; --            ; montre_id_router                ; --         ;
; IP_TOOL_VERSION                     ; 13.0                                                     ; --            ; montre_id_router_001            ; --         ;
; IP_TOOL_VERSION                     ; 13.0                                                     ; --            ; montre_irq_mapper               ; --         ;
; IP_TOOL_VERSION                     ; 13.0.1.99.2                                              ; --            ; montre_jtag_uart_0              ; --         ;
; IP_TOOL_VERSION                     ; 13.0                                                     ; --            ; montre_nios2_qsys_0             ; --         ;
; IP_TOOL_VERSION                     ; 13.0                                                     ; --            ; montre_rsp_xbar_demux           ; --         ;
; IP_TOOL_VERSION                     ; 13.0                                                     ; --            ; montre_rsp_xbar_mux             ; --         ;
; IP_TOOL_VERSION                     ; 13.0.1.99.2                                              ; --            ; montre_sdram                    ; --         ;
; IP_TOOL_VERSION                     ; 13.0                                                     ; --            ; montre_sysid_qsys_0             ; --         ;
; IP_TOOL_VERSION                     ; 13.0.1.99.2                                              ; --            ; montre_timer                    ; --         ;
; MAX_CORE_JUNCTION_TEMP              ; 85                                                       ; --            ; --                              ; --         ;
; MIN_CORE_JUNCTION_TEMP              ; 0                                                        ; --            ; --                              ; --         ;
; MISC_FILE                           ; montre/synthesis/../../montre.cmp                        ; --            ; --                              ; --         ;
; MISC_FILE                           ; montre/synthesis/../../montre.qsys                       ; --            ; --                              ; --         ;
; PARTITION_COLOR                     ; 16764057                                                 ; --            ; --                              ; Top        ;
; PARTITION_FITTER_PRESERVATION_LEVEL ; PLACEMENT_AND_ROUTING                                    ; --            ; --                              ; Top        ;
; PARTITION_NETLIST_TYPE              ; SOURCE                                                   ; --            ; --                              ; Top        ;
; POWER_BOARD_THERMAL_MODEL           ; None (CONSERVATIVE)                                      ; --            ; --                              ; --         ;
; POWER_PRESET_COOLING_SOLUTION       ; 23 MM HEAT SINK WITH 200 LFPM AIRFLOW                    ; --            ; --                              ; --         ;
; PROJECT_OUTPUT_DIRECTORY            ; output_files                                             ; --            ; --                              ; --         ;
; SLD_INFO                            ; QSYS_NAME montre HAS_SOPCINFO 1 GENERATION_ID 1665659394 ; --            ; --                              ; --         ;
; SOPCINFO_FILE                       ; montre/synthesis/../../montre.sopcinfo                   ; --            ; --                              ; --         ;
; SYNTHESIS_ONLY_QIP                  ; On                                                       ; --            ; --                              ; --         ;
+-------------------------------------+----------------------------------------------------------+---------------+---------------------------------+------------+


+-------------------------------------------------------------------------------------------------------------------------------+
; Flow Elapsed Time                                                                                                             ;
+---------------------------+--------------+-------------------------+---------------------+------------------------------------+
; Module Name               ; Elapsed Time ; Average Processors Used ; Peak Virtual Memory ; Total CPU Time (on all processors) ;
+---------------------------+--------------+-------------------------+---------------------+------------------------------------+
; Analysis & Synthesis      ; 00:00:13     ; 1.0                     ; 4766 MB             ; 00:00:13                           ;
; Fitter                    ; 00:00:14     ; 1.0                     ; 4931 MB             ; 00:00:14                           ;
; Assembler                 ; 00:00:04     ; 1.0                     ; 4598 MB             ; 00:00:04                           ;
; TimeQuest Timing Analyzer ; 00:00:03     ; 1.0                     ; 4622 MB             ; 00:00:04                           ;
; Total                     ; 00:00:34     ; --                      ; --                  ; 00:00:35                           ;
+---------------------------+--------------+-------------------------+---------------------+------------------------------------+


+----------------------------------------------------------------------------------------+
; Flow OS Summary                                                                        ;
+---------------------------+------------------+-----------+------------+----------------+
; Module Name               ; Machine Hostname ; OS Name   ; OS Version ; Processor type ;
+---------------------------+------------------+-----------+------------+----------------+
; Analysis & Synthesis      ; DESKTOP-GH52KT8  ; Windows 7 ; 6.2        ; x86_64         ;
; Fitter                    ; DESKTOP-GH52KT8  ; Windows 7 ; 6.2        ; x86_64         ;
; Assembler                 ; DESKTOP-GH52KT8  ; Windows 7 ; 6.2        ; x86_64         ;
; TimeQuest Timing Analyzer ; DESKTOP-GH52KT8  ; Windows 7 ; 6.2        ; x86_64         ;
+---------------------------+------------------+-----------+------------+----------------+


------------
; Flow Log ;
------------
quartus_map --read_settings_files=on --write_settings_files=off montre -c montre
quartus_fit --read_settings_files=off --write_settings_files=off montre -c montre
quartus_asm --read_settings_files=off --write_settings_files=off montre -c montre
quartus_sta montre -c montre



